SIC SIMULATOR V1.6
File names are:
loader                                 
DEVF1                                  
DEVF2                                  
DEVF3                                  
DEV04                                  
DEV05                                  
DEV06                                  
COMMAND: A(CCEPT file names, R(ENAME 1 or more files
r
loader                                 
DEVF1                                  
p2.obj
DEVF2                                  
input
DEVF3                                  
DEV04                                  
DEV05                                  
DEV06                                  
File names are:
loader                                 
p2.obj                                 
input                                  
DEVF3                                  
DEV04                                  
DEV05                                  
DEV06                                  
COMMAND: A(CCEPT file names, R(ENAME 1 or more files
a

COMMAND: S(TART, R(UN, E(NTER, D(UMP, H(COUNT, B(KPT, F(ILES, T(RACE, Q(UIT?
s

COMMAND: S(TART, R(UN, E(NTER, D(UMP, H(COUNT, B(KPT, F(ILES, T(RACE, Q(UIT?
b 2ab

COMMAND: S(TART, R(UN, E(NTER, D(UMP, H(COUNT, B(KPT, F(ILES, T(RACE, Q(UIT?
h 9999

COMMAND: S(TART, R(UN, E(NTER, D(UMP, H(COUNT, B(KPT, F(ILES, T(RACE, Q(UIT?
r
  9999 INSTRUCTIONS EXECUTED
P=000065

COMMAND: S(TART, R(UN, E(NTER, D(UMP, H(COUNT, B(KPT, F(ILES, T(RACE, Q(UIT?
r
  9999 INSTRUCTIONS EXECUTED
P=000048

COMMAND: S(TART, R(UN, E(NTER, D(UMP, H(COUNT, B(KPT, F(ILES, T(RACE, Q(UIT?
r
BREAKPOINT REACHED
P=0002AB

COMMAND: S(TART, R(UN, E(NTER, D(UMP, H(COUNT, B(KPT, F(ILES, T(RACE, Q(UIT?
d 100-200

0100 3F207FF2 00002E00 03250000 2000000E
0110 00004C00 002B0000 4D00000A 00006401
0120 8A920000 0A000031 00003000 00310000
0130 30000031 000030FF FFFFFFFF FFFFFFFF
0140 FFFFFF00 001EFFFF FF00000A 00002E00
0150 00000000 00000012 00000000 00000000
0160 00000000 00003000 00310000 32000033
0170 00003400 00350000 36000037 00003800
0180 00390500 006D0000 010000E3 2F75332F
0190 FADB2F6F 2B2FB233 201D2B2F AF33210B
01A0 0FAF8201 00019004 7F2F9B2F 2F952F2F
01B0 922F2F8F 3B2FD403 2F681900 010F2F62
01C0 1D000121 0003AC01 03AF3919 00010FAF
01D0 33050000 0100000F 2F7B032F 691D0001
01E0 0F2F636F 2F602900 003B2F96 03AF362B
01F0 2F723320 362B2F6F 3320362B 2F6C3320
0200 362B2F69 3320362B 2F663320 362B2F63

COMMAND: S(TART, R(UN, E(NTER, D(UMP, H(COUNT, B(KPT, F(ILES, T(RACE, Q(UIT?
b 302

COMMAND: S(TART, R(UN, E(NTER, D(UMP, H(COUNT, B(KPT, F(ILES, T(RACE, Q(UIT?
r
BREAKPOINT REACHED
P=000302

COMMAND: S(TART, R(UN, E(NTER, D(UMP, H(COUNT, B(KPT, F(ILES, T(RACE, Q(UIT?
d 100-200

0100 3F207FF2 018A9200 00640000 0A00004D
0110 00002B00 004C0000 0E000020 00032500
0120 002E0000 0A000031 00003000 00310000
0130 30000031 000030FF FFFFFFFF FFFFFFFF
0140 FFFFFF00 001EFFFF FF00000A 00002E00
0150 00000000 00000012 00004C00 000C0000
0160 0F000000 00003000 00310000 32000033
0170 00003400 00350000 36000037 00003800
0180 00390500 006D0000 010000E3 2F75332F
0190 FADB2F6F 2B2FB233 201D2B2F AF33210B
01A0 0FAF8201 00019004 7F2F9B2F 2F952F2F
01B0 922F2F8F 3B2FD403 2F681900 010F2F62
01C0 1D000121 0003AC01 03AF3919 00010FAF
01D0 33050000 0100000F 2F7B032F 691D0001
01E0 0F2F636F 2F602900 003B2F96 03AF362B
01F0 2F723320 362B2F6F 3320362B 2F6C3320
0200 362B2F69 3320362B 2F663320 362B2F63

COMMAND: S(TART, R(UN, E(NTER, D(UMP, H(COUNT, B(KPT, F(ILES, T(RACE, Q(UIT?
q