Build started 4/2/2013 1:16:09 AM.
     1>Project "C:\Users\Travis\Dropbox\Projects\CasinoProject\CasinoProject\CasinoProject.vcxproj" on node 2 (Build target(s)).
     1>ClCompile:
         C:\Program Files (x86)\Microsoft Visual Studio 11.0\VC\bin\CL.exe /c /ZI /nologo /W3 /WX- /Od /Oy- /D _MBCS /Gm /EHsc /RTC1 /MDd /GS /fp:precise /Zc:wchar_t /Zc:forScope /Fo"Debug\\" /Fd"Debug\vc110.pdb" /Gd /TC /analyze- /errorReport:prompt main.c
         main.c
     1>c:\users\travis\dropbox\projects\casinoproject\casinoproject\main.c(225): warning C4996: 'strcpy': This function or variable may be unsafe. Consider using strcpy_s instead. To disable deprecation, use _CRT_SECURE_NO_WARNINGS. See online help for details.
                 c:\program files (x86)\microsoft visual studio 11.0\vc\include\string.h(110) : see declaration of 'strcpy'
     1>c:\users\travis\dropbox\projects\casinoproject\casinoproject\main.c(230): warning C4996: 'strcpy': This function or variable may be unsafe. Consider using strcpy_s instead. To disable deprecation, use _CRT_SECURE_NO_WARNINGS. See online help for details.
                 c:\program files (x86)\microsoft visual studio 11.0\vc\include\string.h(110) : see declaration of 'strcpy'
     1>c:\users\travis\dropbox\projects\casinoproject\casinoproject\main.c(319): warning C4244: '=' : conversion from 'double' to 'float', possible loss of data
     1>c:\users\travis\dropbox\projects\casinoproject\casinoproject\main.c(365): warning C4244: 'function' : conversion from 'time_t' to 'unsigned int', possible loss of data
     1>c:\users\travis\dropbox\projects\casinoproject\casinoproject\main.c(398): warning C4244: '=' : conversion from 'double' to 'float', possible loss of data
     1>c:\users\travis\dropbox\projects\casinoproject\casinoproject\main.c(433): warning C4244: '=' : conversion from 'float' to 'int', possible loss of data
     1>c:\users\travis\dropbox\projects\casinoproject\casinoproject\main.c(495): warning C4018: '<' : signed/unsigned mismatch
     1>c:\users\travis\dropbox\projects\casinoproject\casinoproject\main.c(531): warning C4996: 'strcpy': This function or variable may be unsafe. Consider using strcpy_s instead. To disable deprecation, use _CRT_SECURE_NO_WARNINGS. See online help for details.
                 c:\program files (x86)\microsoft visual studio 11.0\vc\include\string.h(110) : see declaration of 'strcpy'
     1>c:\users\travis\dropbox\projects\casinoproject\casinoproject\main.c(543): warning C4996: 'strcpy': This function or variable may be unsafe. Consider using strcpy_s instead. To disable deprecation, use _CRT_SECURE_NO_WARNINGS. See online help for details.
                 c:\program files (x86)\microsoft visual studio 11.0\vc\include\string.h(110) : see declaration of 'strcpy'
     1>c:\users\travis\dropbox\projects\casinoproject\casinoproject\main.c(653): warning C4018: '<' : signed/unsigned mismatch
     1>c:\users\travis\dropbox\projects\casinoproject\casinoproject\main.c(687): warning C4018: '<' : signed/unsigned mismatch
       Link:
         C:\Program Files (x86)\Microsoft Visual Studio 11.0\VC\bin\link.exe /ERRORREPORT:PROMPT /OUT:"C:\Users\Travis\Dropbox\Projects\CasinoProject\Debug\CasinoProject.exe" /INCREMENTAL /NOLOGO kernel32.lib user32.lib gdi32.lib winspool.lib comdlg32.lib advapi32.lib shell32.lib ole32.lib oleaut32.lib uuid.lib odbc32.lib odbccp32.lib /MANIFEST /MANIFESTUAC:"level='asInvoker' uiAccess='false'" /manifest:embed /DEBUG /PDB:"C:\Users\Travis\Dropbox\Projects\CasinoProject\Debug\CasinoProject.pdb" /TLBID:1 /DYNAMICBASE /NXCOMPAT /IMPLIB:"C:\Users\Travis\Dropbox\Projects\CasinoProject\Debug\CasinoProject.lib" /MACHINE:X86 Debug\main.obj
         CasinoProject.vcxproj -> C:\Users\Travis\Dropbox\Projects\CasinoProject\Debug\CasinoProject.exe
     1>Done Building Project "C:\Users\Travis\Dropbox\Projects\CasinoProject\CasinoProject\CasinoProject.vcxproj" (Build target(s)).

Build succeeded.

Time Elapsed 00:00:00.51
