Build started 1/28/2013 12:19:14 PM.
     1>Project "C:\Users\Travis\Documents\School Files\COP2220\BinaryConversion\BinaryConversion\BinaryConversion.vcxproj" on node 2 (build target(s)).
     1>InitializeBuildStatus:
         Creating "Debug\BinaryConversion.unsuccessfulbuild" because "AlwaysCreate" was specified.
       ClCompile:
         C:\Program Files (x86)\Microsoft Visual Studio 10.0\VC\bin\CL.exe /c /ZI /nologo /W3 /WX- /Od /Oy- /D _MBCS /Gm /EHsc /RTC1 /MDd /GS /fp:precise /Zc:wchar_t /Zc:forScope /Fo"Debug\\" /Fd"Debug\vc100.pdb" /Gd /TC /analyze- /errorReport:prompt main.c
         main.c
     1>c:\users\travis\documents\school files\cop2220\binaryconversion\binaryconversion\main.c(22): warning C4996: 'scanf': This function or variable may be unsafe. Consider using scanf_s instead. To disable deprecation, use _CRT_SECURE_NO_WARNINGS. See online help for details.
                 c:\program files (x86)\microsoft visual studio 10.0\vc\include\stdio.h(304) : see declaration of 'scanf'
       Link:
         C:\Program Files (x86)\Microsoft Visual Studio 10.0\VC\bin\link.exe /ERRORREPORT:PROMPT /OUT:"C:\Users\Travis\Documents\School Files\COP2220\BinaryConversion\Debug\BinaryConversion.exe" /NOLOGO kernel32.lib user32.lib gdi32.lib winspool.lib comdlg32.lib advapi32.lib shell32.lib ole32.lib oleaut32.lib uuid.lib odbc32.lib odbccp32.lib /MANIFEST /ManifestFile:"Debug\BinaryConversion.exe.intermediate.manifest" /MANIFESTUAC:"level='asInvoker' uiAccess='false'" /DEBUG /PDB:"C:\Users\Travis\Documents\School Files\COP2220\BinaryConversion\Debug\BinaryConversion.pdb" /TLBID:1 /DYNAMICBASE /NXCOMPAT /IMPLIB:"C:\Users\Travis\Documents\School Files\COP2220\BinaryConversion\Debug\BinaryConversion.lib" /MACHINE:X86 Debug\main.obj
         LINK : C:\Users\Travis\Documents\School Files\COP2220\BinaryConversion\Debug\BinaryConversion.exe not found or not built by the last incremental link; performing full link
         BinaryConversion.vcxproj -> C:\Users\Travis\Documents\School Files\COP2220\BinaryConversion\Debug\BinaryConversion.exe
       Manifest:
         C:\Program Files (x86)\Microsoft SDKs\Windows\v7.0A\bin\mt.exe /nologo /verbose /outputresource:"C:\Users\Travis\Documents\School Files\COP2220\BinaryConversion\Debug\BinaryConversion.exe;#1" /manifest Debug\BinaryConversion.exe.intermediate.manifest
       FinalizeBuildStatus:
         Deleting file "Debug\BinaryConversion.unsuccessfulbuild".
         Touching "Debug\BinaryConversion.lastbuildstate".
     1>Done Building Project "C:\Users\Travis\Documents\School Files\COP2220\BinaryConversion\BinaryConversion\BinaryConversion.vcxproj" (build target(s)).

Build succeeded.

Time Elapsed 00:00:01.00
